2026-04-12 18:13:46.126 "telemetry.enabled" is not a valid config option. If you previously had this config option set, it may have been removed.

      👋 Welcome to Streamlit!

      If you'd like to receive helpful onboarding emails, news, offers, promotions,
      and the occasional swag, please enter your email address below. Otherwise,
      leave this field blank.

      Email: [0m
  You can find our privacy policy at https://streamlit.io/privacy-policy

  Summary:
  - This open source library collects usage statistics.
  - We cannot see and do not store information contained inside Streamlit apps,
    such as text, charts, images, etc.
  - Telemetry data is stored in servers in the United States.
  - If you'd like to opt out, add the following to ~/.streamlit/config.toml,
    creating that file if necessary:

    [browser]
    gatherUsageStats = false


  You can now view your Streamlit app in your browser.

  Local URL: http://localhost:8501
  Network URL: http://192.168.43.69:8501
  External URL: http://27.97.171.133:8501

  For better performance, install the Watchdog module:

  $ xcode-select --install
  $ pip install watchdog
            
ERROR:model_inference:Model files not found: [Errno 2] No such file or directory: 'models/xgboost_model.pkl'
INFO:model_inference:Please train and save the models first using the notebook
  Stopping...
